<?xml version="1.0" encoding="UTF-8"?>
<!-- Generated by org.testng.reporters.JUnitXMLReporter -->
<testsuite ignored="0" hostname="EPINBANW0220" failures="0" tests="2" name="FirstTestNGFile" time="0.059" errors="0" timestamp="2023-02-01T15:21:50 IST">
  <testcase classname="TestDemo.FirstTestNGFile" name="@BeforeMethod verifyHomepageTitle" time="0.005">
    <failure type="java.lang.NullPointerException" message="Cannot invoke &amp;quot;org.openqa.selenium.WebDriver.getTitle()&amp;quot; because &amp;quot;this.driver&amp;quot; is null">
      <![CDATA[java.lang.NullPointerException: Cannot invoke "org.openqa.selenium.WebDriver.getTitle()" because "this.driver" is null
at TestDemo.FirstTestNGFile.verifyHomepageTitle(FirstTestNGFile.java:28)
at java.base/java.util.ArrayList.forEach(ArrayList.java:1511)
... Removed 31 stack frames]]>
    </failure>
  </testcase> <!-- @BeforeMethod verifyHomepageTitle -->
  <testcase classname="TestDemo.FirstTestNGFile" name="@AfterMethod goBackToHomepage" time="0.0">
    <skipped/>
  </testcase> <!-- @AfterMethod goBackToHomepage -->
  <testcase classname="TestDemo.FirstTestNGFile" name="@BeforeMethod verifyHomepageTitle" time="0.0">
    <skipped/>
  </testcase> <!-- @BeforeMethod verifyHomepageTitle -->
  <testcase classname="TestDemo.FirstTestNGFile" name="@AfterMethod goBackToHomepage" time="0.0">
    <skipped/>
  </testcase> <!-- @AfterMethod goBackToHomepage -->
  <testcase classname="TestDemo.FirstTestNGFile" name="register" time="0.0">
    <skipped/>
  </testcase> <!-- register -->
  <testcase classname="TestDemo.FirstTestNGFile" name="support" time="0.0">
    <skipped/>
  </testcase> <!-- support -->
</testsuite> <!-- FirstTestNGFile -->
