<?xml version="1.0" encoding="UTF-8"?>
<!-- Generated by org.testng.reporters.JUnitXMLReporter -->
<testsuite ignored="0" hostname="EPINBANW0220" failures="0" tests="2" name="Test" time="8.205" errors="0" timestamp="2023-02-01T14:57:44 IST">
  <testcase classname="TestDemo.FirstTestNGFile" name="@BeforeTest launchBrowser" time="8.125">
    <failure type="java.lang.NoSuchMethodError" message="&amp;apos;com.google.common.collect.ImmutableMap com.google.common.collect.ImmutableMap.of(java.lang.Object, java.lang.Object, java.lang.Object, java.lang.Object, java.lang.Object, java.lang.Object, java.lang.Object, java.lang.Object, java.lang.Object, java.lang.Object, java.lang.Object, java.lang.Object)&amp;apos;">
      <![CDATA[java.lang.NoSuchMethodError: 'com.google.common.collect.ImmutableMap com.google.common.collect.ImmutableMap.of(java.lang.Object, java.lang.Object, java.lang.Object, java.lang.Object, java.lang.Object, java.lang.Object, java.lang.Object, java.lang.Object, java.lang.Object, java.lang.Object, java.lang.Object, java.lang.Object)'
at org.openqa.selenium.chrome.AddHasCasting.getAdditionalCommands(AddHasCasting.java:38)
at org.openqa.selenium.chrome.ChromeDriver$ChromeDriverCommandExecutor.getExtraCommands(ChromeDriver.java:123)
at org.openqa.selenium.chrome.ChromeDriver$ChromeDriverCommandExecutor.<init>(ChromeDriver.java:118)
at org.openqa.selenium.chrome.ChromeDriver.<init>(ChromeDriver.java:106)
at org.openqa.selenium.chrome.ChromeDriver.<init>(ChromeDriver.java:93)
at org.openqa.selenium.chrome.ChromeDriver.<init>(ChromeDriver.java:48)
at TestDemo.FirstTestNGFile.launchBrowser(FirstTestNGFile.java:24)
... Removed 24 stack frames]]>
    </failure>
  </testcase> <!-- @BeforeTest launchBrowser -->
  <testcase classname="TestDemo.FirstTestNGFile" name="@BeforeMethod verifyHomepageTitle" time="0.0">
    <skipped/>
  </testcase> <!-- @BeforeMethod verifyHomepageTitle -->
  <testcase classname="TestDemo.FirstTestNGFile" name="@AfterMethod goBackToHomepage" time="0.0">
    <skipped/>
  </testcase> <!-- @AfterMethod goBackToHomepage -->
  <testcase classname="TestDemo.FirstTestNGFile" name="@BeforeMethod verifyHomepageTitle" time="0.0">
    <skipped/>
  </testcase> <!-- @BeforeMethod verifyHomepageTitle -->
  <testcase classname="TestDemo.FirstTestNGFile" name="@AfterMethod goBackToHomepage" time="0.0">
    <skipped/>
  </testcase> <!-- @AfterMethod goBackToHomepage -->
  <testcase classname="TestDemo.FirstTestNGFile" name="@AfterTest terminateBrowser" time="0.0">
    <skipped/>
  </testcase> <!-- @AfterTest terminateBrowser -->
  <testcase classname="TestDemo.FirstTestNGFile" name="register" time="0.0">
    <skipped/>
  </testcase> <!-- register -->
  <testcase classname="TestDemo.FirstTestNGFile" name="support" time="0.0">
    <skipped/>
  </testcase> <!-- support -->
</testsuite> <!-- Test -->
