<?xml version="1.0" encoding="UTF-8"?>
<testng-results ignored="0" total="1" passed="1" failed="0" skipped="0">
  <reporter-output>
  </reporter-output>
  <suite started-at="2023-02-01T15:39:33 IST" name="Default suite" finished-at="2023-02-01T15:39:43 IST" duration-ms="10598">
    <groups>
    </groups>
    <test started-at="2023-02-01T15:39:33 IST" name="Default test" finished-at="2023-02-01T15:39:43 IST" duration-ms="10598">
      <class name="TestDemo.FirstTestNGFile">
        <test-method is-config="true" signature="settingBrowser()[pri:0, instance:TestDemo.FirstTestNGFile@72967906]" started-at="2023-02-01T15:39:33 IST" name="settingBrowser" finished-at="2023-02-01T15:39:42 IST" duration-ms="8773" status="PASS">
          <reporter-output>
          </reporter-output>
        </test-method> <!-- settingBrowser -->
        <test-method is-config="true" signature="verifyHomepageTitle()[pri:0, instance:TestDemo.FirstTestNGFile@72967906]" started-at="2023-02-01T15:39:42 IST" name="verifyHomepageTitle" finished-at="2023-02-01T15:39:42 IST" duration-ms="20" status="PASS">
          <reporter-output>
          </reporter-output>
        </test-method> <!-- verifyHomepageTitle -->
        <test-method signature="register()[pri:0, instance:TestDemo.FirstTestNGFile@72967906]" started-at="2023-02-01T15:39:42 IST" name="register" finished-at="2023-02-01T15:39:43 IST" duration-ms="1416" status="PASS">
          <reporter-output>
          </reporter-output>
        </test-method> <!-- register -->
        <test-method is-config="true" signature="goBackToHomepage()[pri:0, instance:TestDemo.FirstTestNGFile@72967906]" started-at="2023-02-01T15:39:43 IST" name="goBackToHomepage" finished-at="2023-02-01T15:39:43 IST" duration-ms="156" status="PASS">
          <reporter-output>
          </reporter-output>
        </test-method> <!-- goBackToHomepage -->
        <test-method is-config="true" signature="terminateBrowser()[pri:0, instance:TestDemo.FirstTestNGFile@72967906]" started-at="2023-02-01T15:39:43 IST" name="terminateBrowser" finished-at="2023-02-01T15:39:43 IST" duration-ms="179" status="PASS">
          <reporter-output>
          </reporter-output>
        </test-method> <!-- terminateBrowser -->
      </class> <!-- TestDemo.FirstTestNGFile -->
    </test> <!-- Default test -->
  </suite> <!-- Default suite -->
</testng-results>
