<?xml version="1.0" encoding="UTF-8"?>
<testng-results ignored="0" total="1" passed="1" failed="0" skipped="0">
  <reporter-output>
  </reporter-output>
  <suite started-at="2023-02-01T16:10:28 IST" name="Suite" finished-at="2023-02-01T16:10:39 IST" duration-ms="11630">
    <groups>
    </groups>
    <test started-at="2023-02-01T16:10:28 IST" name="FirstTestNGFile" finished-at="2023-02-01T16:10:39 IST" duration-ms="11630">
      <class name="TestDemo.FirstTestNGFile">
        <test-method is-config="true" signature="settingBrowser()[pri:0, instance:TestDemo.FirstTestNGFile@55b7a4e0]" started-at="2023-02-01T16:10:28 IST" name="settingBrowser" finished-at="2023-02-01T16:10:37 IST" duration-ms="8874" status="PASS">
          <reporter-output>
          </reporter-output>
        </test-method> <!-- settingBrowser -->
        <test-method is-config="true" signature="verifyHomepageTitle()[pri:0, instance:TestDemo.FirstTestNGFile@55b7a4e0]" started-at="2023-02-01T16:10:37 IST" name="verifyHomepageTitle" finished-at="2023-02-01T16:10:37 IST" duration-ms="10" status="PASS">
          <reporter-output>
          </reporter-output>
        </test-method> <!-- verifyHomepageTitle -->
        <test-method signature="register()[pri:0, instance:TestDemo.FirstTestNGFile@55b7a4e0]" started-at="2023-02-01T16:10:37 IST" name="register" finished-at="2023-02-01T16:10:38 IST" duration-ms="1291" status="PASS">
          <reporter-output>
          </reporter-output>
        </test-method> <!-- register -->
        <test-method is-config="true" signature="goBackToHomepage()[pri:0, instance:TestDemo.FirstTestNGFile@55b7a4e0]" started-at="2023-02-01T16:10:38 IST" name="goBackToHomepage" finished-at="2023-02-01T16:10:39 IST" duration-ms="1275" status="PASS">
          <reporter-output>
          </reporter-output>
        </test-method> <!-- goBackToHomepage -->
        <test-method is-config="true" signature="terminateBrowser()[pri:0, instance:TestDemo.FirstTestNGFile@55b7a4e0]" started-at="2023-02-01T16:10:39 IST" name="terminateBrowser" finished-at="2023-02-01T16:10:39 IST" duration-ms="144" status="PASS">
          <reporter-output>
          </reporter-output>
        </test-method> <!-- terminateBrowser -->
      </class> <!-- TestDemo.FirstTestNGFile -->
    </test> <!-- FirstTestNGFile -->
  </suite> <!-- Suite -->
</testng-results>
